2025-06-10 12:29:49,809 - INFO - 
KNN Classifier Parameters: n_neighbors=5, algorithm=auto, n_jobs=10

Loading MNIST Data...

Preparing Classifier Training and Validation Data...

Pickling the Classifier for Future Use...

Calculating Accuracy of trained Classifier...

Making Predictions on Validation Data...

Calculating Accuracy of Predictions...

KNN Trained Classifier Confidence:  0.979381443298969

Predicted Values:  [2 3 7 4 5 6 1 2 2 2 0 4 8 2 8 1 7 9 5 2 0 4 0 5 3 6 4 3 9 5 5 3 9 2 9 7 0
 8 1 3 7 4 9 0 8 8 3 2 5 4 5 1 0 3 8 4 9 4 2 8 7 4 1 8 9 6 1 8 8 1 3 2 7 6
 1 9 7 9 4 7 0 4 6 3 5 6 0 2 6 3 1 0 9 9 0 0 3 2 2 8 4 9 4 1 2 6 8 6 2 2 4
 6 1 9 6 1 0 6 4 2 0 2 6 2 7 3 0 3 4 5 9 7 6 3 6 2 5 3 4 6 5 0 7 4 7 4 4 7
 3 8 0 6 4 4 4 1 6 8 0 3 6 7 7 0 6 6 4 0 6 4 6 2 2 3 9 7 4 0 1 7 7 3 5 7 1
 9 5 8 3 3 2 5 3 6]

Accuracy of Classifier on Validation Image Data:  0.979381443298969
Confusion matrix plot saved to E:\Documents\Project\PycharmProjects\dataMining\Handwritten-Digit-Recognition-using-Deep-Learning\Results\KNN\KNN_Confusion_Matrices.png

KNN Validation Data Classification Report:

              precision    recall  f1-score   support

           0       1.00      0.95      0.98        21
           1       0.93      0.93      0.93        15
           2       1.00      1.00      1.00        23
           3       1.00      1.00      1.00        22
           4       0.96      0.96      0.96        26
           5       1.00      0.93      0.97        15
           6       1.00      1.00      1.00        24
           7       1.00      1.00      1.00        19
           8       1.00      1.00      1.00        15
           9       0.88      1.00      0.93        14

    accuracy                           0.98       194
   macro avg       0.98      0.98      0.98       194
weighted avg       0.98      0.98      0.98       194


KNN Test Data Classification Report:

              precision    recall  f1-score   support

           0       1.00      1.00      1.00        88
           1       0.96      1.00      0.98        98
           2       0.92      1.00      0.96        85
           3       0.93      0.99      0.96        82
           4       0.99      0.99      0.99       113
           5       1.00      0.95      0.97       112
           6       0.99      1.00      0.99        87
           7       0.99      1.00      0.99        97
           8       1.00      0.86      0.93        96
           9       0.96      0.97      0.96        88

    accuracy                           0.97       946
   macro avg       0.97      0.98      0.97       946
weighted avg       0.98      0.97      0.97       946

Prediction examples plot saved to E:\Documents\Project\PycharmProjects\dataMining\Handwritten-Digit-Recognition-using-Deep-Learning\Results\KNN\KNN_Prediction_Examples.png

Visualizing K-NN neighbors for test sample at index 102
